<?xml version="1.0" encoding="UTF-8"?>
<!-- Generated by org.testng.reporters.JUnitXMLReporter -->
<testsuite ignored="0" hostname="LAPTOP-VU3PB39N" failures="0" tests="10" name="Default test" time="6.151" errors="0" timestamp="2024-09-22T15:45:13 IST">
  <testcase classname="com.example.chatbotapp.SeleniumChatBotTesting" name="testChatbotResponses" time="0.586"/>
  <testcase classname="com.example.chatbotapp.SeleniumChatBotTesting" name="testChatbotResponses" time="0.303"/>
  <testcase classname="com.example.chatbotapp.SeleniumChatBotTesting" name="testChatbotResponses" time="0.309"/>
  <testcase classname="com.example.chatbotapp.SeleniumChatBotTesting" name="testChatbotResponses" time="0.255"/>
  <testcase classname="com.example.chatbotapp.SeleniumChatBotTesting" name="testChatbotResponses" time="0.26"/>
  <testcase classname="com.example.chatbotapp.SeleniumChatBotTesting" name="testChatbotResponses" time="0.199"/>
  <testcase classname="com.example.chatbotapp.SeleniumChatBotTesting" name="testChatbotResponses" time="0.233"/>
  <testcase classname="com.example.chatbotapp.SeleniumChatBotTesting" name="testChatbotResponses" time="0.255"/>
  <testcase classname="com.example.chatbotapp.SeleniumChatBotTesting" name="testChatbotResponses" time="0.199"/>
  <testcase classname="com.example.chatbotapp.SeleniumChatBotTesting" name="testChatbotResponses" time="0.18"/>
</testsuite> <!-- Default test -->
